C51 COMPILER V9.60.0.0   SPI                                                               04/24/2024 12:15:25 PAGE 1   


C51 COMPILER V9.60.0.0, COMPILATION OF MODULE SPI
OBJECT MODULE PLACED IN .\Objects\spi.obj
COMPILER INVOKED BY: C:\Keil_v5\C51\BIN\C51.EXE spi.c OPTIMIZE(8,SPEED) BROWSE DEBUG OBJECTEXTEND PRINT(.\Listings\spi.l
                    -st) TABS(2) OBJECT(.\Objects\spi.obj)

line level    source

   1          #include <REGX52.H>
   2          #include <stdio.h>
   3          #include <stdlib.h>
   4          #include "spi.h"
   5          
   6          
   7          //SPI
   8          
   9          
  10          void SPI_Init(){
  11   1        SPI_SS   = 1;   //set SS o muc cao khi ranh, va keo xuong de truyen tin hieu
  12   1        SPI_SCLK = 0;   //set SCLK o muc thap, SPOL = 0 - muc thap o che do idle 
  13   1        SPI_MISO = 1;   //set duong vao master o che do cao, san sang nhan tin hieu tu thiet bi Slave 
  14   1      
  15   1      }
  16          void SPI_SendByte(unsigned char b){
*** WARNING C235 IN LINE 16 OF spi.c: parameter 1: different types
  17   1        unsigned char i;
  18   1        for(i=0;i<8;i++){ //1 byte = 8 bits
  19   2          SPI_SCLK = 0;   //keo xung clock xuong muc thap de chuan bi gui di
  20   2          if(b&0x80)      //lay bit cao nhat cua b
  21   2            SPI_MOSI = 1; //neu bit xet la 1 thi gui 1 di
  22   2          else
  23   2            SPI_MOSI = 0; //neu khong phai 1 thi gui 0 di
  24   2          SPI_SCLK = 1;   //keo xung clock len de bat dau gui du lieu di (rising)
  25   2          b<<=1;          //dich trai 1 bit => xoa bit da gui
  26   2          SPI_SCLK = 0;   //keo xung clock xuong muc thap de cho gui di
  27   2        }
  28   1      }
  29          
  30          unsigned char SPI_ReceiveByte(){
  31   1        unsigned char i, b;
  32   1        for(i=0;i<8;i++){
  33   2          b<<=1;          //b dich trai 1 bits => chuan bi cho qua trinh nhan 1 bit thap
  34   2          SPI_SCLK = 1;   //Keo xung clock len => bat dau nhan tin hieu (rising)
  35   2          if(SPI_MISO)    //Neu tin hieu nhan duoc = 1
  36   2            b|=0x01;      // set gia tri bits thap nhat len 1
  37   2          SPI_SCLK = 0;   //Keo xung clock xuong, che do cho
  38   2        }
  39   1        return b;         //Tra ve tin hieu vua nhan duoc
  40   1      }
  41          
  42          unsigned char SPI_SendAndReceiByte(unsigned char b){
  43   1        unsigned char i, temp;
  44   1        for(i=0;i<8;i++){
  45   2          SPI_SCLK = 0;   //keo xung clock xuong muc thap de cho gui/nhan data
  46   2          if(b&0x80)        //SEND: lay bit cao nhat cua b
  47   2            SPI_MOSI = 1;   //SEND: neu bit xet la 1 thi gui 1 di
  48   2          else
  49   2            SPI_MOSI = 0;   //SEND:neu khong phai 1 thi gui 0 di
  50   2          temp<<=1;         //RECEIVE: temp dich trai 1 bits => chuan bi cho qua trinh nhan 1 bit thap
  51   2          SPI_SCLK = 1;   //keo xung clock len de bat dau gui/nhan du lieu di (rising)
  52   2          b<<=1;            //SEND: dich trai 1 bit => xoa bit da gui
  53   2          
C51 COMPILER V9.60.0.0   SPI                                                               04/24/2024 12:15:25 PAGE 2   

  54   2          if(SPI_MISO)      //RECEIVE: Neu tin hieu nhan duoc = 1
  55   2            temp|=0x01;     //RECEIVE: set gia tri bits thap nhat len 1
  56   2          
  57   2          SPI_SCLK = 0;   //keo xung clock xuong muc thap de cho gui di
  58   2        }
  59   1        return temp;      //Tra ve tin hieu vua nhan duoc
  60   1      }
  61          
  62          void delay_ms(unsigned int ms) {
*** WARNING C235 IN LINE 62 OF spi.c: parameter 1: different types
  63   1          unsigned int i, j; 
  64   1          for (i = 0; i < ms; i++) {
  65   2              for (j = 0; j < 114; j++);
  66   2          }
  67   1      }
  68          
  69          


MODULE INFORMATION:   STATIC OVERLAYABLE
   CODE SIZE        =    153    ----
   CONSTANT SIZE    =   ----    ----
   XDATA SIZE       =   ----    ----
   PDATA SIZE       =   ----    ----
   DATA SIZE        =   ----    ----
   IDATA SIZE       =   ----    ----
   BIT SIZE         =   ----    ----
END OF MODULE INFORMATION.


C51 COMPILATION COMPLETE.  2 WARNING(S),  0 ERROR(S)
