C51 COMPILER V9.60.0.0   MAIN                                                              08/22/2023 16:33:43 PAGE 1   


C51 COMPILER V9.60.0.0, COMPILATION OF MODULE MAIN
OBJECT MODULE PLACED IN .\Objects\main.obj
COMPILER INVOKED BY: C:\Keil_v5\C51\BIN\C51.EXE main.c OPTIMIZE(8,SPEED) BROWSE DEBUG OBJECTEXTEND PRINT(.\Listings\main
                    -.lst) TABS(2) OBJECT(.\Objects\main.obj)

line level    source

   1          #include <REGX52.H>
   2          
   3          void delay_ms_timer0(unsigned int time)
   4          {
   5   1        do{
   6   2          TH0 = 0xFC;
   7   2          TL0 = 0x18;
   8   2          TR0 = 1;
   9   2          while(!TF0);
  10   2          TR0 = 0;
  11   2          TF0 = 0;
  12   2          
  13   2          time--;
  14   2        }
  15   1        while(time != 0);
  16   1      }
  17          
  18          
  19          void main ()
  20          {
  21   1        //cau hinh mode 1 cho timer 0;
  22   1        TMOD &= 0xF0;
  23   1        TMOD |= 0x01;
  24   1        
  25   1        while(1)
  26   1        {
  27   2          P2_0 = !P2_0;
  28   2          delay_ms_timer0(1000);
  29   2        }
  30   1      }


MODULE INFORMATION:   STATIC OVERLAYABLE
   CODE SIZE        =     42    ----
   CONSTANT SIZE    =   ----    ----
   XDATA SIZE       =   ----    ----
   PDATA SIZE       =   ----    ----
   DATA SIZE        =   ----    ----
   IDATA SIZE       =   ----    ----
   BIT SIZE         =   ----    ----
END OF MODULE INFORMATION.


C51 COMPILATION COMPLETE.  0 WARNING(S),  0 ERROR(S)
