C51 COMPILER V9.60.0.0   LCD_I2C                                                           04/24/2024 11:43:32 PAGE 1   


C51 COMPILER V9.60.0.0, COMPILATION OF MODULE LCD_I2C
OBJECT MODULE PLACED IN .\Objects\LCD_I2C.obj
COMPILER INVOKED BY: C:\Keil_v5\C51\BIN\C51.EXE LCD_I2C.c OPTIMIZE(8,SPEED) BROWSE INCDIR(..\Bai_10_LCD_I2C;..\Bai_10_LC
                    -D_I2C) DEBUG OBJECTEXTEND PRINT(.\Listings\LCD_I2C.lst) TABS(2) OBJECT(.\Objects\LCD_I2C.obj)

line level    source

   1          #include <REGX51.H>
   2          #include <Thu_Vien_LCD_I2C.H>
   3          
   4          unsigned char slave1 = 0X7E; // dia chi cua module 1
   5          unsigned char slave2 = 0X70; // dia chi cua module 2
   6          
   7          int dem1=0, dem2=20;
   8          
   9          void delay(long time)
  10          {
  11   1        time = time * 25;
  12   1        while(time--) {}
  13   1      }
  14          void main(void)
  15          {
  16   1        LCD_Slave(slave1);
  17   1        LCD_Init();
  18   1        LCD_Gotoxy(1,1); // cot dau tien - hang dau tien
  19   1        LCD_Send_String("Mandevices");
  20   1        LCD_Gotoxy(1,2); // cot dau tien - hang dau tien
  21   1        LCD_Send_String("LCD 1");
  22   1        
  23   1        LCD_Slave(slave2);
  24   1        LCD_Init();
  25   1        LCD_Gotoxy(1,1); // cot dau tien - hang dau tien
  26   1        LCD_Send_String("LIDP");
  27   1        LCD_Gotoxy(1,2); // cot dau tien - hang dau tien
  28   1        LCD_Send_String("LCD 2");
  29   1        
  30   1        delay(1000);
  31   1        
  32   1        LCD_Slave(slave1);
  33   1        LCD_Clear();
  34   1        LCD_Slave(slave2);
  35   1        LCD_Clear();
  36   1        
  37   1        while(1)
  38   1        {
  39   2          LCD_Slave(slave1);
  40   2          LCD_Gotoxy(1,1); // cot dau tien - hang dau tien
  41   2          LCD_Send_String("Len ma xem");
  42   2          LCD_Gotoxy(1,2); // cot dau tien - hang dau tien
  43   2          LCD_Send_Number(dem1);
  44   2          
  45   2          LCD_Slave(slave2);
  46   2          LCD_Gotoxy(1,1); // cot dau tien - hang dau tien
  47   2          LCD_Send_String("youtube");
  48   2          LCD_Gotoxy(1,2); // cot dau tien - hang dau tien
  49   2          LCD_Send_Number(dem2);
  50   2          
  51   2          delay(250);
  52   2          dem1++; dem2++;
  53   2          
  54   2        }
C51 COMPILER V9.60.0.0   LCD_I2C                                                           04/24/2024 11:43:32 PAGE 2   

  55   1      }
  56          
  57          


MODULE INFORMATION:   STATIC OVERLAYABLE
   CODE SIZE        =    277    ----
   CONSTANT SIZE    =     47    ----
   XDATA SIZE       =   ----    ----
   PDATA SIZE       =   ----    ----
   DATA SIZE        =      6       4
   IDATA SIZE       =   ----    ----
   BIT SIZE         =   ----    ----
END OF MODULE INFORMATION.


C51 COMPILATION COMPLETE.  0 WARNING(S),  0 ERROR(S)
